100.08.08 09:15 B C:\hardhats\fileman\u1\ad_1.gif <-- Hardhats /webadmin/home/web1/fileman/public_html/fileman/u1 ad_1.gif
100.08.08 09:15 B C:\hardhats\fileman\u1\ad_2.gif <-- Hardhats /webadmin/home/web1/fileman/public_html/fileman/u1 ad_2.gif
100.08.08 09:15 B C:\hardhats\fileman\u1\ad_3.gif <-- Hardhats /webadmin/home/web1/fileman/public_html/fileman/u1 ad_3.gif
100.08.08 09:15 B C:\hardhats\fileman\u1\ad_4.gif <-- Hardhats /webadmin/home/web1/fileman/public_html/fileman/u1 ad_4.gif
100.08.08 09:15 B C:\hardhats\fileman\u1\ad_5.gif <-- Hardhats /webadmin/home/web1/fileman/public_html/fileman/u1 ad_5.gif
100.08.08 09:15 B C:\hardhats\fileman\u1\ad_6.gif <-- Hardhats /webadmin/home/web1/fileman/public_html/fileman/u1 ad_6.gif
100.08.08 09:15 B C:\hardhats\fileman\u1\ad_7.gif <-- Hardhats /webadmin/home/web1/fileman/public_html/fileman/u1 ad_7.gif
100.08.08 09:15 B C:\hardhats\fileman\u1\ad_8.gif <-- Hardhats /webadmin/home/web1/fileman/public_html/fileman/u1 ad_8.gif
100.08.08 09:15 B C:\hardhats\fileman\u1\ad_frm.htm <-- Hardhats /webadmin/home/web1/fileman/public_html/fileman/u1 ad_frm.htm
100.08.08 09:15 B C:\hardhats\fileman\u1\ad_frm1.htm <-- Hardhats /webadmin/home/web1/fileman/public_html/fileman/u1 ad_frm1.htm
100.08.08 09:15 B C:\hardhats\fileman\u1\ad_intro.htm <-- Hardhats /webadmin/home/web1/fileman/public_html/fileman/u1 ad_intro.htm
100.08.08 09:15 B C:\hardhats\fileman\u1\br_1.gif <-- Hardhats /webadmin/home/web1/fileman/public_html/fileman/u1 br_1.gif
100.08.08 09:15 B C:\hardhats\fileman\u1\br_frm.htm <-- Hardhats /webadmin/home/web1/fileman/public_html/fileman/u1 br_frm.htm
100.08.08 09:15 B C:\hardhats\fileman\u1\br_frm1.htm <-- Hardhats /webadmin/home/web1/fileman/public_html/fileman/u1 br_frm1.htm
100.08.08 09:15 B C:\hardhats\fileman\u1\br_intro.htm <-- Hardhats /webadmin/home/web1/fileman/public_html/fileman/u1 br_intro.htm
100.08.08 09:15 B C:\hardhats\fileman\u1\doc_indx.htm <-- Hardhats /webadmin/home/web1/fileman/public_html/fileman/u1 doc_indx.htm
100.08.08 09:16 B C:\hardhats\fileman\u1\e1_1.gif <-- Hardhats /webadmin/home/web1/fileman/public_html/fileman/u1 e1_1.gif
100.08.08 09:16 B C:\hardhats\fileman\u1\e1_2.gif <-- Hardhats /webadmin/home/web1/fileman/public_html/fileman/u1 e1_2.gif
100.08.08 09:16 B C:\hardhats\fileman\u1\e1_frm.htm <-- Hardhats /webadmin/home/web1/fileman/public_html/fileman/u1 e1_frm.htm
100.08.08 09:16 B C:\hardhats\fileman\u1\e1_frm1.htm <-- Hardhats /webadmin/home/web1/fileman/public_html/fileman/u1 e1_frm1.htm
100.08.08 09:16 B C:\hardhats\fileman\u1\e1_intro.htm <-- Hardhats /webadmin/home/web1/fileman/public_html/fileman/u1 e1_intro.htm
100.08.08 09:16 B C:\hardhats\fileman\u1\fm.css <-- Hardhats /webadmin/home/web1/fileman/public_html/fileman/u1 fm.css
100.08.08 09:16 B C:\hardhats\fileman\u1\fm_ns.css <-- Hardhats /webadmin/home/web1/fileman/public_html/fileman/u1 fm_ns.css
100.08.08 09:16 B C:\hardhats\fileman\u1\fm_title.css <-- Hardhats /webadmin/home/web1/fileman/public_html/fileman/u1 fm_title.css
100.08.08 09:16 B C:\hardhats\fileman\u1\fm_titns.css <-- Hardhats /webadmin/home/web1/fileman/public_html/fileman/u1 fm_titns.css
100.08.08 09:16 B C:\hardhats\fileman\u1\fm_toc.css <-- Hardhats /webadmin/home/web1/fileman/public_html/fileman/u1 fm_toc.css
100.08.08 09:16 B C:\hardhats\fileman\u1\fm_tocns.css <-- Hardhats /webadmin/home/web1/fileman/public_html/fileman/u1 fm_tocns.css
100.08.08 09:16 B C:\hardhats\fileman\u1\fr_feedb.htm <-- Hardhats /webadmin/home/web1/fileman/public_html/fileman/u1 fr_feedb.htm
100.08.08 09:16 B C:\hardhats\fileman\u1\fr_intr.htm <-- Hardhats /webadmin/home/web1/fileman/public_html/fileman/u1 fr_intr.htm
100.08.08 09:16 B C:\hardhats\fileman\u1\fr_or.htm <-- Hardhats /webadmin/home/web1/fileman/public_html/fileman/u1 fr_or.htm
100.08.08 09:17 B C:\hardhats\fileman\u1\fr_pref2.htm <-- Hardhats /webadmin/home/web1/fileman/public_html/fileman/u1 fr_pref2.htm
100.08.08 09:17 B C:\hardhats\fileman\u1\fr_updat.htm <-- Hardhats /webadmin/home/web1/fileman/public_html/fileman/u1 fr_updat.htm
100.08.08 09:17 B C:\hardhats\fileman\u1\fr_updta.htm <-- Hardhats /webadmin/home/web1/fileman/public_html/fileman/u1 fr_updta.htm
100.08.08 09:17 B C:\hardhats\fileman\u1\fr_zip.htm <-- Hardhats /webadmin/home/web1/fileman/public_html/fileman/u1 fr_zip.htm
100.08.08 09:17 B C:\hardhats\fileman\u1\glossary.htm <-- Hardhats /webadmin/home/web1/fileman/public_html/fileman/u1 glossary.htm
100.08.08 09:17 B C:\hardhats\fileman\u1\he_1.gif <-- Hardhats /webadmin/home/web1/fileman/public_html/fileman/u1 he_1.gif
100.08.08 09:17 B C:\hardhats\fileman\u1\he_2.gif <-- Hardhats /webadmin/home/web1/fileman/public_html/fileman/u1 he_2.gif
100.08.08 09:17 B C:\hardhats\fileman\u1\he_3.gif <-- Hardhats /webadmin/home/web1/fileman/public_html/fileman/u1 he_3.gif
100.08.08 09:17 B C:\hardhats\fileman\u1\he_4.gif <-- Hardhats /webadmin/home/web1/fileman/public_html/fileman/u1 he_4.gif
100.08.08 09:17 B C:\hardhats\fileman\u1\he_5.gif <-- Hardhats /webadmin/home/web1/fileman/public_html/fileman/u1 he_5.gif
100.08.08 09:17 B C:\hardhats\fileman\u1\he_frm.htm <-- Hardhats /webadmin/home/web1/fileman/public_html/fileman/u1 he_frm.htm
100.08.08 09:17 B C:\hardhats\fileman\u1\he_frm1.htm <-- Hardhats /webadmin/home/web1/fileman/public_html/fileman/u1 he_frm1.htm
100.08.08 09:17 B C:\hardhats\fileman\u1\he_intro.htm <-- Hardhats /webadmin/home/web1/fileman/public_html/fileman/u1 he_intro.htm
100.08.08 09:18 B C:\hardhats\fileman\u1\in_1.gif <-- Hardhats /webadmin/home/web1/fileman/public_html/fileman/u1 in_1.gif
100.08.08 09:18 B C:\hardhats\fileman\u1\in_2.gif <-- Hardhats /webadmin/home/web1/fileman/public_html/fileman/u1 in_2.gif
100.08.08 09:18 B C:\hardhats\fileman\u1\in_3.gif <-- Hardhats /webadmin/home/web1/fileman/public_html/fileman/u1 in_3.gif
100.08.08 09:18 B C:\hardhats\fileman\u1\in_frm.htm <-- Hardhats /webadmin/home/web1/fileman/public_html/fileman/u1 in_frm.htm
100.08.08 09:18 B C:\hardhats\fileman\u1\in_frm1.htm <-- Hardhats /webadmin/home/web1/fileman/public_html/fileman/u1 in_frm1.htm
100.08.08 09:18 B C:\hardhats\fileman\u1\in_intro.htm <-- Hardhats /webadmin/home/web1/fileman/public_html/fileman/u1 in_intro.htm
100.08.08 09:18 B C:\hardhats\fileman\u1\index.html <-- Hardhats /webadmin/home/web1/fileman/public_html/fileman/u1 index.html
100.08.08 09:18 B C:\hardhats\fileman\u1\le_1.gif <-- Hardhats /webadmin/home/web1/fileman/public_html/fileman/u1 le_1.gif
100.08.08 09:18 B C:\hardhats\fileman\u1\le_frm.htm <-- Hardhats /webadmin/home/web1/fileman/public_html/fileman/u1 le_frm.htm
100.08.08 09:18 B C:\hardhats\fileman\u1\le_frm1.htm <-- Hardhats /webadmin/home/web1/fileman/public_html/fileman/u1 le_frm1.htm
100.08.08 09:18 B C:\hardhats\fileman\u1\le_intro.htm <-- Hardhats /webadmin/home/web1/fileman/public_html/fileman/u1 le_intro.htm
100.08.08 09:18 B C:\hardhats\fileman\u1\new.gif <-- Hardhats /webadmin/home/web1/fileman/public_html/fileman/u1 new.gif
100.08.08 09:18 B C:\hardhats\fileman\u1\ov_frm.htm <-- Hardhats /webadmin/home/web1/fileman/public_html/fileman/u1 ov_frm.htm
100.08.08 09:18 B C:\hardhats\fileman\u1\ov_frm1.htm <-- Hardhats /webadmin/home/web1/fileman/public_html/fileman/u1 ov_frm1.htm
100.08.08 09:18 B C:\hardhats\fileman\u1\ov_in1.gif <-- Hardhats /webadmin/home/web1/fileman/public_html/fileman/u1 ov_in1.gif
100.08.08 09:18 B C:\hardhats\fileman\u1\ov_in2.gif <-- Hardhats /webadmin/home/web1/fileman/public_html/fileman/u1 ov_in2.gif
100.08.08 09:18 B C:\hardhats\fileman\u1\ov_intro.htm <-- Hardhats /webadmin/home/web1/fileman/public_html/fileman/u1 ov_intro.htm
100.08.08 09:18 B C:\hardhats\fileman\u1\pr_1.gif <-- Hardhats /webadmin/home/web1/fileman/public_html/fileman/u1 pr_1.gif
100.08.08 09:19 B C:\hardhats\fileman\u1\pr_2.gif <-- Hardhats /webadmin/home/web1/fileman/public_html/fileman/u1 pr_2.gif
100.08.08 09:19 B C:\hardhats\fileman\u1\pr_3.gif <-- Hardhats /webadmin/home/web1/fileman/public_html/fileman/u1 pr_3.gif
100.08.08 09:19 B C:\hardhats\fileman\u1\pr_4.gif <-- Hardhats /webadmin/home/web1/fileman/public_html/fileman/u1 pr_4.gif
100.08.08 09:19 B C:\hardhats\fileman\u1\pr_5.gif <-- Hardhats /webadmin/home/web1/fileman/public_html/fileman/u1 pr_5.gif
100.08.08 09:19 B C:\hardhats\fileman\u1\pr_6.gif <-- Hardhats /webadmin/home/web1/fileman/public_html/fileman/u1 pr_6.gif
100.08.08 09:19 B C:\hardhats\fileman\u1\pr_7.gif <-- Hardhats /webadmin/home/web1/fileman/public_html/fileman/u1 pr_7.gif
100.08.08 09:19 B C:\hardhats\fileman\u1\pr_8.gif <-- Hardhats /webadmin/home/web1/fileman/public_html/fileman/u1 pr_8.gif
100.08.08 09:19 B C:\hardhats\fileman\u1\pr_frm.htm <-- Hardhats /webadmin/home/web1/fileman/public_html/fileman/u1 pr_frm.htm
100.08.08 09:19 B C:\hardhats\fileman\u1\pr_frm1.htm <-- Hardhats /webadmin/home/web1/fileman/public_html/fileman/u1 pr_frm1.htm
100.08.08 09:19 B C:\hardhats\fileman\u1\pr_intro.htm <-- Hardhats /webadmin/home/web1/fileman/public_html/fileman/u1 pr_intro.htm
100.08.08 09:19 B C:\hardhats\fileman\u1\readme.txt <-- Hardhats /webadmin/home/web1/fileman/public_html/fileman/u1 readme.txt
100.08.08 09:19 B C:\hardhats\fileman\u1\redball.gif <-- Hardhats /webadmin/home/web1/fileman/public_html/fileman/u1 redball.gif
100.08.08 09:19 B C:\hardhats\fileman\u1\se_frm.htm <-- Hardhats /webadmin/home/web1/fileman/public_html/fileman/u1 se_frm.htm
100.08.08 09:19 B C:\hardhats\fileman\u1\se_frm1.htm <-- Hardhats /webadmin/home/web1/fileman/public_html/fileman/u1 se_frm1.htm
100.08.08 09:19 B C:\hardhats\fileman\u1\se_intro.htm <-- Hardhats /webadmin/home/web1/fileman/public_html/fileman/u1 se_intro.htm
100.08.08 09:21 B C:\hardhats\fileman\u1\sm_1.gif <-- Hardhats /webadmin/home/web1/fileman/public_html/fileman/u1 sm_1.gif
100.08.08 09:22 B C:\hardhats\fileman\u1\sm_2.gif <-- Hardhats /webadmin/home/web1/fileman/public_html/fileman/u1 sm_2.gif
100.08.08 09:22 B C:\hardhats\fileman\u1\sm_3.gif <-- Hardhats /webadmin/home/web1/fileman/public_html/fileman/u1 sm_3.gif
100.08.08 09:22 B C:\hardhats\fileman\u1\sm_frm.htm <-- Hardhats /webadmin/home/web1/fileman/public_html/fileman/u1 sm_frm.htm
100.08.08 09:22 B C:\hardhats\fileman\u1\sm_frm1.htm <-- Hardhats /webadmin/home/web1/fileman/public_html/fileman/u1 sm_frm1.htm
100.08.08 09:22 B C:\hardhats\fileman\u1\sm_intro.htm <-- Hardhats /webadmin/home/web1/fileman/public_html/fileman/u1 sm_intro.htm
100.08.08 09:22 B C:\hardhats\fileman\u1\spacer.gif <-- Hardhats /webadmin/home/web1/fileman/public_html/fileman/u1 spacer.gif
100.08.08 09:22 B C:\hardhats\fileman\u1\sr_1.gif <-- Hardhats /webadmin/home/web1/fileman/public_html/fileman/u1 sr_1.gif
100.08.08 09:22 B C:\hardhats\fileman\u1\sr_2.gif <-- Hardhats /webadmin/home/web1/fileman/public_html/fileman/u1 sr_2.gif
100.08.08 09:22 B C:\hardhats\fileman\u1\sr_frm.htm <-- Hardhats /webadmin/home/web1/fileman/public_html/fileman/u1 sr_frm.htm
100.08.08 09:22 B C:\hardhats\fileman\u1\sr_frm1.htm <-- Hardhats /webadmin/home/web1/fileman/public_html/fileman/u1 sr_frm1.htm
100.08.08 09:22 B C:\hardhats\fileman\u1\sr_intro.htm <-- Hardhats /webadmin/home/web1/fileman/public_html/fileman/u1 sr_intro.htm
100.08.08 09:22 B C:\hardhats\fileman\u1\title.htm <-- Hardhats /webadmin/home/web1/fileman/public_html/fileman/u1 title.htm
100.08.08 09:22 B C:\hardhats\fileman\u1\toc.htm <-- Hardhats /webadmin/home/web1/fileman/public_html/fileman/u1 toc.htm
100.08.08 09:22 B C:\hardhats\fileman\u1\up.gif <-- Hardhats /webadmin/home/web1/fileman/public_html/fileman/u1 up.gif
100.08.08 09:22 B C:\hardhats\fileman\u1\va_logox.gif <-- Hardhats /webadmin/home/web1/fileman/public_html/fileman/u1 va_logox.gif
100.08.08 09:22 B C:\hardhats\fileman\u1\vista1b.gif <-- Hardhats /webadmin/home/web1/fileman/public_html/fileman/u1 vista1b.gif
100.08.08 09:23 B C:\hardhats\fileman\u1\wp_1.gif <-- Hardhats /webadmin/home/web1/fileman/public_html/fileman/u1 wp_1.gif
100.08.08 09:23 B C:\hardhats\fileman\u1\wp_2.gif <-- Hardhats /webadmin/home/web1/fileman/public_html/fileman/u1 wp_2.gif
100.08.08 09:23 B C:\hardhats\fileman\u1\wp_swit.htm <-- Hardhats /webadmin/home/web1/fileman/public_html/fileman/u1 wp_swit.htm
101.10.09 12:03 B C:\hardhats\fileman\u1\fr_zip.htm --> shell2.ba.best.com /webadmin/home/web1/fileman/public_html/fileman/u1 fr_zip.htm
102.01.21 10:19 B C:\hardhats\fileman\u1\sr_intro.htm --> ftp.hardhats.org /www/htdocs/fileman/u1 sr_intro.htm
