2003.08.12 14:02 B C:\Hardhats\fileman\pm\afd_1.htm <-- Hardhats new /www/htdocs/fileman/pm afd_1.htm
2003.08.12 14:02 B C:\Hardhats\fileman\pm\afd_10.htm <-- Hardhats new /www/htdocs/fileman/pm afd_10.htm
2003.08.12 14:02 B C:\Hardhats\fileman\pm\afd_11.htm <-- Hardhats new /www/htdocs/fileman/pm afd_11.htm
2003.08.12 14:02 B C:\Hardhats\fileman\pm\afd_12.htm <-- Hardhats new /www/htdocs/fileman/pm afd_12.htm
2003.08.12 14:02 B C:\Hardhats\fileman\pm\afd_13.htm <-- Hardhats new /www/htdocs/fileman/pm afd_13.htm
2003.08.12 14:02 B C:\Hardhats\fileman\pm\afd_2.htm <-- Hardhats new /www/htdocs/fileman/pm afd_2.htm
2003.08.12 14:02 B C:\Hardhats\fileman\pm\afd_3.htm <-- Hardhats new /www/htdocs/fileman/pm afd_3.htm
2003.08.12 14:02 B C:\Hardhats\fileman\pm\afd_4.htm <-- Hardhats new /www/htdocs/fileman/pm afd_4.htm
2003.08.12 14:02 B C:\Hardhats\fileman\pm\afd_5.htm <-- Hardhats new /www/htdocs/fileman/pm afd_5.htm
2003.08.12 14:02 B C:\Hardhats\fileman\pm\afd_6.htm <-- Hardhats new /www/htdocs/fileman/pm afd_6.htm
2003.08.12 14:03 B C:\Hardhats\fileman\pm\afd_7.htm <-- Hardhats new /www/htdocs/fileman/pm afd_7.htm
2003.08.12 14:03 B C:\Hardhats\fileman\pm\afd_8.htm <-- Hardhats new /www/htdocs/fileman/pm afd_8.htm
2003.08.12 14:03 B C:\Hardhats\fileman\pm\afd_9.htm <-- Hardhats new /www/htdocs/fileman/pm afd_9.htm
2003.08.12 14:03 B C:\Hardhats\fileman\pm\afd_frm.htm <-- Hardhats new /www/htdocs/fileman/pm afd_frm.htm
2003.08.12 14:03 B C:\Hardhats\fileman\pm\afd_frm1.htm <-- Hardhats new /www/htdocs/fileman/pm afd_frm1.htm
2003.08.12 14:03 B C:\Hardhats\fileman\pm\afd_intro.htm <-- Hardhats new /www/htdocs/fileman/pm afd_intro.htm
2003.08.12 14:03 B C:\Hardhats\fileman\pm\app_b_d.htm <-- Hardhats new /www/htdocs/fileman/pm app_b_d.htm
2003.08.12 14:03 B C:\Hardhats\fileman\pm\app_b_l.htm <-- Hardhats new /www/htdocs/fileman/pm app_b_l.htm
2003.08.12 14:03 B C:\Hardhats\fileman\pm\au_chng.htm <-- Hardhats new /www/htdocs/fileman/pm au_chng.htm
2003.08.12 14:03 B C:\Hardhats\fileman\pm\au_frm.htm <-- Hardhats new /www/htdocs/fileman/pm au_frm.htm
2003.08.12 14:03 B C:\Hardhats\fileman\pm\au_frm1.htm <-- Hardhats new /www/htdocs/fileman/pm au_frm1.htm
2003.08.12 14:03 B C:\Hardhats\fileman\pm\au_intro.htm <-- Hardhats new /www/htdocs/fileman/pm au_intro.htm
2003.08.12 14:03 B C:\Hardhats\fileman\pm\au_lst.htm <-- Hardhats new /www/htdocs/fileman/pm au_lst.htm
2003.08.12 14:03 B C:\Hardhats\fileman\pm\au_on.htm <-- Hardhats new /www/htdocs/fileman/pm au_on.htm
2003.08.12 14:03 B C:\Hardhats\fileman\pm\br_frm.htm <-- Hardhats new /www/htdocs/fileman/pm br_frm.htm
2003.08.12 14:03 B C:\Hardhats\fileman\pm\br_frm1.htm <-- Hardhats new /www/htdocs/fileman/pm br_frm1.htm
2003.08.12 14:03 B C:\Hardhats\fileman\pm\br_intro.htm <-- Hardhats new /www/htdocs/fileman/pm br_intro.htm
2003.08.12 14:03 B C:\Hardhats\fileman\pm\bullet_black_small.gif <-- Hardhats new /www/htdocs/fileman/pm bullet_black_small.gif
2003.08.12 14:03 B C:\Hardhats\fileman\pm\cl_ddiol.htm <-- Hardhats new /www/htdocs/fileman/pm cl_ddiol.htm
2003.08.12 14:03 B C:\Hardhats\fileman\pm\cl_diac.htm <-- Hardhats new /www/htdocs/fileman/pm cl_diac.htm
2003.08.12 14:03 B C:\Hardhats\fileman\pm\cl_dib.htm <-- Hardhats new /www/htdocs/fileman/pm cl_dib.htm
2003.08.12 14:03 B C:\Hardhats\fileman\pm\cl_dic.htm <-- Hardhats new /www/htdocs/fileman/pm cl_dic.htm
2003.08.12 14:03 B C:\Hardhats\fileman\pm\cl_dic1a.htm <-- Hardhats new /www/htdocs/fileman/pm cl_dic1a.htm
2003.08.12 14:03 B C:\Hardhats\fileman\pm\cl_dic1b.htm <-- Hardhats new /www/htdocs/fileman/pm cl_dic1b.htm
2003.08.12 14:03 B C:\Hardhats\fileman\pm\cl_dicd.htm <-- Hardhats new /www/htdocs/fileman/pm cl_dicd.htm
2003.08.12 14:03 B C:\Hardhats\fileman\pm\cl_dicix.htm <-- Hardhats new /www/htdocs/fileman/pm cl_dicix.htm
2003.08.12 14:03 B C:\Hardhats\fileman\pm\cl_dicn1.htm <-- Hardhats new /www/htdocs/fileman/pm cl_dicn1.htm
2003.08.12 14:03 B C:\Hardhats\fileman\pm\cl_dicn2.htm <-- Hardhats new /www/htdocs/fileman/pm cl_dicn2.htm
2003.08.12 14:03 B C:\Hardhats\fileman\pm\cl_dicq.htm <-- Hardhats new /www/htdocs/fileman/pm cl_dicq.htm
2003.08.12 14:03 B C:\Hardhats\fileman\pm\cl_dicrw.htm <-- Hardhats new /www/htdocs/fileman/pm cl_dicrw.htm
2003.08.12 14:03 B C:\Hardhats\fileman\pm\cl_did.htm <-- Hardhats new /www/htdocs/fileman/pm cl_did.htm
2003.08.12 14:03 B C:\Hardhats\fileman\pm\cl_die.htm <-- Hardhats new /www/htdocs/fileman/pm cl_die.htm
2003.08.12 14:03 B C:\Hardhats\fileman\pm\cl_diez1.htm <-- Hardhats new /www/htdocs/fileman/pm cl_diez1.htm
2003.08.12 14:03 B C:\Hardhats\fileman\pm\cl_diez2.htm <-- Hardhats new /www/htdocs/fileman/pm cl_diez2.htm
2003.08.12 14:03 B C:\Hardhats\fileman\pm\cl_dik1.htm <-- Hardhats new /www/htdocs/fileman/pm cl_dik1.htm
2003.08.12 14:03 B C:\Hardhats\fileman\pm\cl_dik10.htm <-- Hardhats new /www/htdocs/fileman/pm cl_dik10.htm
2003.08.12 14:03 B C:\Hardhats\fileman\pm\cl_dik11.htm <-- Hardhats new /www/htdocs/fileman/pm cl_dik11.htm
2003.08.12 14:03 B C:\Hardhats\fileman\pm\cl_dik2.htm <-- Hardhats new /www/htdocs/fileman/pm cl_dik2.htm
2003.08.12 14:03 B C:\Hardhats\fileman\pm\cl_dik3.htm <-- Hardhats new /www/htdocs/fileman/pm cl_dik3.htm
2003.08.12 14:03 B C:\Hardhats\fileman\pm\cl_dik4.htm <-- Hardhats new /www/htdocs/fileman/pm cl_dik4.htm
2003.08.12 14:03 B C:\Hardhats\fileman\pm\cl_dik5.htm <-- Hardhats new /www/htdocs/fileman/pm cl_dik5.htm
2003.08.12 14:03 B C:\Hardhats\fileman\pm\cl_dik6.htm <-- Hardhats new /www/htdocs/fileman/pm cl_dik6.htm
2003.08.12 14:03 B C:\Hardhats\fileman\pm\cl_dik7.htm <-- Hardhats new /www/htdocs/fileman/pm cl_dik7.htm
2003.08.12 14:03 B C:\Hardhats\fileman\pm\cl_dik8.htm <-- Hardhats new /www/htdocs/fileman/pm cl_dik8.htm
2003.08.12 14:03 B C:\Hardhats\fileman\pm\cl_dik9.htm <-- Hardhats new /www/htdocs/fileman/pm cl_dik9.htm
2003.08.12 14:03 B C:\Hardhats\fileman\pm\cl_dikz1.htm <-- Hardhats new /www/htdocs/fileman/pm cl_dikz1.htm
2003.08.12 14:03 B C:\Hardhats\fileman\pm\cl_dikz2.htm <-- Hardhats new /www/htdocs/fileman/pm cl_dikz2.htm
2003.08.12 14:03 B C:\Hardhats\fileman\pm\cl_dilf.htm <-- Hardhats new /www/htdocs/fileman/pm cl_dilf.htm
2003.08.12 14:03 B C:\Hardhats\fileman\pm\cl_dim.htm <-- Hardhats new /www/htdocs/fileman/pm cl_dim.htm
2003.08.12 14:03 B C:\Hardhats\fileman\pm\cl_dio2.htm <-- Hardhats new /www/htdocs/fileman/pm cl_dio2.htm
2003.08.12 14:03 B C:\Hardhats\fileman\pm\cl_dioz1.htm <-- Hardhats new /www/htdocs/fileman/pm cl_dioz1.htm
2003.08.12 14:03 B C:\Hardhats\fileman\pm\cl_dip.htm <-- Hardhats new /www/htdocs/fileman/pm cl_dip.htm
2003.08.12 14:03 B C:\Hardhats\fileman\pm\cl_dip_b.htm <-- Hardhats new /www/htdocs/fileman/pm cl_dip_b.htm
2003.08.12 14:03 B C:\Hardhats\fileman\pm\cl_dip_v.htm <-- Hardhats new /www/htdocs/fileman/pm cl_dip_v.htm
2003.08.12 14:03 B C:\Hardhats\fileman\pm\cl_dipt1.htm <-- Hardhats new /www/htdocs/fileman/pm cl_dipt1.htm
2003.08.12 14:03 B C:\Hardhats\fileman\pm\cl_dipt2.htm <-- Hardhats new /www/htdocs/fileman/pm cl_dipt2.htm
2003.08.12 14:03 B C:\Hardhats\fileman\pm\cl_dipz1.htm <-- Hardhats new /www/htdocs/fileman/pm cl_dipz1.htm
2003.08.12 14:03 B C:\Hardhats\fileman\pm\cl_dipz2.htm <-- Hardhats new /www/htdocs/fileman/pm cl_dipz2.htm
2003.08.12 14:03 B C:\Hardhats\fileman\pm\cl_diq1.htm <-- Hardhats new /www/htdocs/fileman/pm cl_diq1.htm
2003.08.12 14:03 B C:\Hardhats\fileman\pm\cl_diq_1.htm <-- Hardhats new /www/htdocs/fileman/pm cl_diq_1.htm
2003.08.12 14:03 B C:\Hardhats\fileman\pm\cl_diq_2.htm <-- Hardhats new /www/htdocs/fileman/pm cl_diq_2.htm
2003.08.12 14:03 B C:\Hardhats\fileman\pm\cl_diq_3.htm <-- Hardhats new /www/htdocs/fileman/pm cl_diq_3.htm
2003.08.12 14:03 B C:\Hardhats\fileman\pm\cl_diq_4.htm <-- Hardhats new /www/htdocs/fileman/pm cl_diq_4.htm
2003.08.12 14:03 B C:\Hardhats\fileman\pm\cl_dir.htm <-- Hardhats new /www/htdocs/fileman/pm cl_dir.htm
2003.08.12 14:03 B C:\Hardhats\fileman\pm\cl_dis.htm <-- Hardhats new /www/htdocs/fileman/pm cl_dis.htm
2003.08.12 14:03 B C:\Hardhats\fileman\pm\cl_diu2.htm <-- Hardhats new /www/htdocs/fileman/pm cl_diu2.htm
2003.08.12 14:03 B C:\Hardhats\fileman\pm\cl_diwe.htm <-- Hardhats new /www/htdocs/fileman/pm cl_diwe.htm
2003.08.12 14:03 B C:\Hardhats\fileman\pm\cl_diwf.htm <-- Hardhats new /www/htdocs/fileman/pm cl_diwf.htm
2003.08.12 14:03 B C:\Hardhats\fileman\pm\cl_diwf1.htm <-- Hardhats new /www/htdocs/fileman/pm cl_diwf1.htm
2003.08.12 14:03 B C:\Hardhats\fileman\pm\cl_diwf2.htm <-- Hardhats new /www/htdocs/fileman/pm cl_diwf2.htm
2003.08.12 14:03 B C:\Hardhats\fileman\pm\cl_diwf3.htm <-- Hardhats new /www/htdocs/fileman/pm cl_diwf3.htm
2003.08.12 14:03 B C:\Hardhats\fileman\pm\cl_diwp1.htm <-- Hardhats new /www/htdocs/fileman/pm cl_diwp1.htm
2003.08.12 14:03 B C:\Hardhats\fileman\pm\cl_diwp2.htm <-- Hardhats new /www/htdocs/fileman/pm cl_diwp2.htm
2003.08.12 14:03 B C:\Hardhats\fileman\pm\cl_dt.htm <-- Hardhats new /www/htdocs/fileman/pm cl_dt.htm
2003.08.12 14:03 B C:\Hardhats\fileman\pm\cl_dt1.htm <-- Hardhats new /www/htdocs/fileman/pm cl_dt1.htm
2003.08.12 14:03 B C:\Hardhats\fileman\pm\cl_dt2.htm <-- Hardhats new /www/htdocs/fileman/pm cl_dt2.htm
2003.08.12 14:03 B C:\Hardhats\fileman\pm\cl_dt3.htm <-- Hardhats new /www/htdocs/fileman/pm cl_dt3.htm
2003.08.12 14:03 B C:\Hardhats\fileman\pm\cl_dtc1.htm <-- Hardhats new /www/htdocs/fileman/pm cl_dtc1.htm
2003.08.12 14:03 B C:\Hardhats\fileman\pm\cl_dtc10.htm <-- Hardhats new /www/htdocs/fileman/pm cl_dtc10.htm
2003.08.12 14:03 B C:\Hardhats\fileman\pm\cl_dtc2.htm <-- Hardhats new /www/htdocs/fileman/pm cl_dtc2.htm
2003.08.12 14:03 B C:\Hardhats\fileman\pm\cl_dtc3.htm <-- Hardhats new /www/htdocs/fileman/pm cl_dtc3.htm
2003.08.12 14:03 B C:\Hardhats\fileman\pm\cl_dtc4.htm <-- Hardhats new /www/htdocs/fileman/pm cl_dtc4.htm
2003.08.12 14:03 B C:\Hardhats\fileman\pm\cl_dtc5.htm <-- Hardhats new /www/htdocs/fileman/pm cl_dtc5.htm
2003.08.12 14:03 B C:\Hardhats\fileman\pm\cl_dtc6.htm <-- Hardhats new /www/htdocs/fileman/pm cl_dtc6.htm
2003.08.12 14:03 B C:\Hardhats\fileman\pm\cl_dtc7.htm <-- Hardhats new /www/htdocs/fileman/pm cl_dtc7.htm
2003.08.12 14:03 B C:\Hardhats\fileman\pm\cl_dtc8.htm <-- Hardhats new /www/htdocs/fileman/pm cl_dtc8.htm
2003.08.12 14:03 B C:\Hardhats\fileman\pm\cl_dtc9.htm <-- Hardhats new /www/htdocs/fileman/pm cl_dtc9.htm
2003.08.12 14:03 B C:\Hardhats\fileman\pm\cl_intro.htm <-- Hardhats new /www/htdocs/fileman/pm cl_intro.htm
2003.08.12 14:03 B C:\Hardhats\fileman\pm\cl_rcr.htm <-- Hardhats new /www/htdocs/fileman/pm cl_rcr.htm
2003.08.12 14:07 B C:\Hardhats\fileman\pm\cla_frm1.htm <-- Hardhats new /www/htdocs/fileman/pm cla_frm1.htm
2003.08.12 14:07 B C:\Hardhats\fileman\pm\clc_frm1.htm <-- Hardhats new /www/htdocs/fileman/pm clc_frm1.htm
2003.08.12 14:07 B C:\Hardhats\fileman\pm\clr_pxl.gif <-- Hardhats new /www/htdocs/fileman/pm clr_pxl.gif
2003.08.12 14:07 B C:\Hardhats\fileman\pm\compdate.jpg <-- Hardhats new /www/htdocs/fileman/pm compdate.jpg
2003.08.12 14:07 B C:\Hardhats\fileman\pm\compoin.jpg <-- Hardhats new /www/htdocs/fileman/pm compoin.jpg
2003.08.12 14:07 B C:\Hardhats\fileman\pm\db_ddmo2.htm <-- Hardhats new /www/htdocs/fileman/pm db_ddmo2.htm
2003.08.12 14:07 B C:\Hardhats\fileman\pm\db_ddmo3.htm <-- Hardhats new /www/htdocs/fileman/pm db_ddmo3.htm
2003.08.12 14:07 B C:\Hardhats\fileman\pm\db_ddmo4.htm <-- Hardhats new /www/htdocs/fileman/pm db_ddmo4.htm
2003.08.12 14:07 B C:\Hardhats\fileman\pm\db_ddmod.htm <-- Hardhats new /www/htdocs/fileman/pm db_ddmod.htm
2003.08.12 14:07 B C:\Hardhats\fileman\pm\db_dia_b.htm <-- Hardhats new /www/htdocs/fileman/pm db_dia_b.htm
2003.08.12 14:07 B C:\Hardhats\fileman\pm\db_dia_e.htm <-- Hardhats new /www/htdocs/fileman/pm db_dia_e.htm
2003.08.12 14:07 B C:\Hardhats\fileman\pm\db_dia_m.htm <-- Hardhats new /www/htdocs/fileman/pm db_dia_m.htm
2003.08.12 14:07 B C:\Hardhats\fileman\pm\db_dic_l.htm <-- Hardhats new /www/htdocs/fileman/pm db_dic_l.htm
2003.08.12 14:08 B C:\Hardhats\fileman\pm\db_dicf.htm <-- Hardhats new /www/htdocs/fileman/pm db_dicf.htm
2003.08.12 14:08 B C:\Hardhats\fileman\pm\db_dicf1.htm <-- Hardhats new /www/htdocs/fileman/pm db_dicf1.htm
2003.08.12 14:08 B C:\Hardhats\fileman\pm\db_didf1.htm <-- Hardhats new /www/htdocs/fileman/pm db_didf1.htm
2003.08.12 14:08 B C:\Hardhats\fileman\pm\db_didf2.htm <-- Hardhats new /www/htdocs/fileman/pm db_didf2.htm
2003.08.12 14:08 B C:\Hardhats\fileman\pm\db_didf3.htm <-- Hardhats new /www/htdocs/fileman/pm db_didf3.htm
2003.08.12 14:08 B C:\Hardhats\fileman\pm\db_didf4.htm <-- Hardhats new /www/htdocs/fileman/pm db_didf4.htm
2003.08.12 14:08 B C:\Hardhats\fileman\pm\db_didg.htm <-- Hardhats new /www/htdocs/fileman/pm db_didg.htm
2003.08.12 14:08 B C:\Hardhats\fileman\pm\db_die_c.htm <-- Hardhats new /www/htdocs/fileman/pm db_die_c.htm
2003.08.12 14:08 B C:\Hardhats\fileman\pm\db_die_f.htm <-- Hardhats new /www/htdocs/fileman/pm db_die_f.htm
2003.08.12 14:08 B C:\Hardhats\fileman\pm\db_die_h.htm <-- Hardhats new /www/htdocs/fileman/pm db_die_h.htm
2003.08.12 14:08 B C:\Hardhats\fileman\pm\db_die_kv.htm <-- Hardhats new /www/htdocs/fileman/pm db_die_kv.htm
2003.08.12 14:08 B C:\Hardhats\fileman\pm\db_die_u.htm <-- Hardhats new /www/htdocs/fileman/pm db_die_u.htm
2003.08.12 14:08 B C:\Hardhats\fileman\pm\db_die_v.htm <-- Hardhats new /www/htdocs/fileman/pm db_die_v.htm
2003.08.12 14:08 B C:\Hardhats\fileman\pm\db_die_vals.htm <-- Hardhats new /www/htdocs/fileman/pm db_die_vals.htm
2003.08.12 14:08 B C:\Hardhats\fileman\pm\db_die_w.htm <-- Hardhats new /www/htdocs/fileman/pm db_die_w.htm
2003.08.12 14:08 B C:\Hardhats\fileman\pm\db_dilf1.htm <-- Hardhats new /www/htdocs/fileman/pm db_dilf1.htm
2003.08.12 14:08 B C:\Hardhats\fileman\pm\db_dilf2.htm <-- Hardhats new /www/htdocs/fileman/pm db_dilf2.htm
2003.08.12 14:08 B C:\Hardhats\fileman\pm\db_dilf3.htm <-- Hardhats new /www/htdocs/fileman/pm db_dilf3.htm
2003.08.12 14:08 B C:\Hardhats\fileman\pm\db_dilf4.htm <-- Hardhats new /www/htdocs/fileman/pm db_dilf4.htm
2003.08.12 14:08 B C:\Hardhats\fileman\pm\db_dilf5.htm <-- Hardhats new /www/htdocs/fileman/pm db_dilf5.htm
2003.08.12 14:08 B C:\Hardhats\fileman\pm\db_dilf6.htm <-- Hardhats new /www/htdocs/fileman/pm db_dilf6.htm
2003.08.12 14:08 B C:\Hardhats\fileman\pm\db_dilf7.htm <-- Hardhats new /www/htdocs/fileman/pm db_dilf7.htm
2003.08.12 14:08 B C:\Hardhats\fileman\pm\db_dilf8.htm <-- Hardhats new /www/htdocs/fileman/pm db_dilf8.htm
2003.08.12 14:08 B C:\Hardhats\fileman\pm\db_dilf9.htm <-- Hardhats new /www/htdocs/fileman/pm db_dilf9.htm
2003.08.12 14:08 B C:\Hardhats\fileman\pm\db_dilf_html.htm <-- Hardhats new /www/htdocs/fileman/pm db_dilf_html.htm
2003.08.12 14:08 B C:\Hardhats\fileman\pm\db_diqg1.htm <-- Hardhats new /www/htdocs/fileman/pm db_diqg1.htm
2003.08.12 14:08 B C:\Hardhats\fileman\pm\db_diqgs.htm <-- Hardhats new /www/htdocs/fileman/pm db_diqgs.htm
2003.08.12 14:08 B C:\Hardhats\fileman\pm\db_dlfd1.htm <-- Hardhats new /www/htdocs/fileman/pm db_dlfd1.htm
2003.08.12 14:08 B C:\Hardhats\fileman\pm\db_dlfd2.htm <-- Hardhats new /www/htdocs/fileman/pm db_dlfd2.htm
2003.08.12 14:08 B C:\Hardhats\fileman\pm\db_dlfd3.htm <-- Hardhats new /www/htdocs/fileman/pm db_dlfd3.htm
2003.08.12 14:08 B C:\Hardhats\fileman\pm\db_dlfd4.htm <-- Hardhats new /www/htdocs/fileman/pm db_dlfd4.htm
2003.08.12 14:08 B C:\Hardhats\fileman\pm\db_dlfd5.htm <-- Hardhats new /www/htdocs/fileman/pm db_dlfd5.htm
2003.08.12 14:08 B C:\Hardhats\fileman\pm\db_dlfd6.htm <-- Hardhats new /www/htdocs/fileman/pm db_dlfd6.htm
2003.08.12 14:08 B C:\Hardhats\fileman\pm\db_dlfd7.htm <-- Hardhats new /www/htdocs/fileman/pm db_dlfd7.htm
2003.08.12 14:08 B C:\Hardhats\fileman\pm\db_how.htm <-- Hardhats new /www/htdocs/fileman/pm db_how.htm
2003.08.12 14:08 B C:\Hardhats\fileman\pm\db_how1.htm <-- Hardhats new /www/htdocs/fileman/pm db_how1.htm
2003.08.12 14:08 B C:\Hardhats\fileman\pm\db_how2.htm <-- Hardhats new /www/htdocs/fileman/pm db_how2.htm
2003.08.12 14:08 B C:\Hardhats\fileman\pm\db_how3.htm <-- Hardhats new /www/htdocs/fileman/pm db_how3.htm
2003.08.12 14:08 B C:\Hardhats\fileman\pm\db_how4.htm <-- Hardhats new /www/htdocs/fileman/pm db_how4.htm
2003.08.12 14:08 B C:\Hardhats\fileman\pm\db_how5.htm <-- Hardhats new /www/htdocs/fileman/pm db_how5.htm
2003.08.12 14:08 B C:\Hardhats\fileman\pm\db_how6.htm <-- Hardhats new /www/htdocs/fileman/pm db_how6.htm
2003.08.12 14:08 B C:\Hardhats\fileman\pm\db_int2.htm <-- Hardhats new /www/htdocs/fileman/pm db_int2.htm
2003.08.12 14:08 B C:\Hardhats\fileman\pm\db_int3.htm <-- Hardhats new /www/htdocs/fileman/pm db_int3.htm
2003.08.12 14:08 B C:\Hardhats\fileman\pm\db_int4.htm <-- Hardhats new /www/htdocs/fileman/pm db_int4.htm
2003.08.12 14:08 B C:\Hardhats\fileman\pm\db_int5.htm <-- Hardhats new /www/htdocs/fileman/pm db_int5.htm
2003.08.12 14:08 B C:\Hardhats\fileman\pm\db_intro.htm <-- Hardhats new /www/htdocs/fileman/pm db_intro.htm
2003.08.12 14:08 B C:\Hardhats\fileman\pm\dba_frm.htm <-- Hardhats new /www/htdocs/fileman/pm dba_frm.htm
2003.08.12 14:08 B C:\Hardhats\fileman\pm\dba_frm1.htm <-- Hardhats new /www/htdocs/fileman/pm dba_frm1.htm
2003.08.12 14:08 B C:\Hardhats\fileman\pm\dbc_frm1.htm <-- Hardhats new /www/htdocs/fileman/pm dbc_frm1.htm
2003.08.12 14:08 B C:\Hardhats\fileman\pm\di_frm.htm <-- Hardhats new /www/htdocs/fileman/pm di_frm.htm
2003.08.12 14:08 B C:\Hardhats\fileman\pm\di_frm1.htm <-- Hardhats new /www/htdocs/fileman/pm di_frm1.htm
2003.08.12 14:08 B C:\Hardhats\fileman\pm\di_intro.htm <-- Hardhats new /www/htdocs/fileman/pm di_intro.htm
2003.08.12 14:08 B C:\Hardhats\fileman\pm\dia_frm.htm <-- Hardhats new /www/htdocs/fileman/pm dia_frm.htm
2003.08.12 14:08 B C:\Hardhats\fileman\pm\dia_frm1.htm <-- Hardhats new /www/htdocs/fileman/pm dia_frm1.htm
2003.08.12 14:08 B C:\Hardhats\fileman\pm\dia_intro.htm <-- Hardhats new /www/htdocs/fileman/pm dia_intro.htm
2003.08.12 14:08 B C:\Hardhats\fileman\pm\doc_indx.htm <-- Hardhats new /www/htdocs/fileman/pm doc_indx.htm
2003.08.12 14:08 B C:\Hardhats\fileman\pm\docbody.css <-- Hardhats new /www/htdocs/fileman/pm docbody.css
2003.08.12 14:08 B C:\Hardhats\fileman\pm\dt_dikcbld.htm <-- Hardhats new /www/htdocs/fileman/pm dt_dikcbld.htm
2003.08.12 14:08 B C:\Hardhats\fileman\pm\err_101.htm <-- Hardhats new /www/htdocs/fileman/pm err_101.htm
2003.08.12 14:08 B C:\Hardhats\fileman\pm\err_110.htm <-- Hardhats new /www/htdocs/fileman/pm err_110.htm
2003.08.12 14:08 B C:\Hardhats\fileman\pm\err_111.htm <-- Hardhats new /www/htdocs/fileman/pm err_111.htm
2003.08.12 14:08 B C:\Hardhats\fileman\pm\err_120.htm <-- Hardhats new /www/htdocs/fileman/pm err_120.htm
2003.08.12 14:08 B C:\Hardhats\fileman\pm\err_1300.htm <-- Hardhats new /www/htdocs/fileman/pm err_1300.htm
2003.08.12 14:08 B C:\Hardhats\fileman\pm\err_1500.htm <-- Hardhats new /www/htdocs/fileman/pm err_1500.htm
2003.08.12 14:08 B C:\Hardhats\fileman\pm\err_1501.htm <-- Hardhats new /www/htdocs/fileman/pm err_1501.htm
2003.08.12 14:08 B C:\Hardhats\fileman\pm\err_1502.htm <-- Hardhats new /www/htdocs/fileman/pm err_1502.htm
2003.08.12 14:08 B C:\Hardhats\fileman\pm\err_1503.htm <-- Hardhats new /www/htdocs/fileman/pm err_1503.htm
2003.08.12 14:08 B C:\Hardhats\fileman\pm\err_1504.htm <-- Hardhats new /www/htdocs/fileman/pm err_1504.htm
2003.08.12 14:08 B C:\Hardhats\fileman\pm\err_1610.htm <-- Hardhats new /www/htdocs/fileman/pm err_1610.htm
2003.08.12 14:08 B C:\Hardhats\fileman\pm\err_1700.htm <-- Hardhats new /www/htdocs/fileman/pm err_1700.htm
2003.08.12 14:08 B C:\Hardhats\fileman\pm\err_1701.htm <-- Hardhats new /www/htdocs/fileman/pm err_1701.htm
2003.08.12 14:08 B C:\Hardhats\fileman\pm\err_1805.htm <-- Hardhats new /www/htdocs/fileman/pm err_1805.htm
2003.08.12 14:08 B C:\Hardhats\fileman\pm\err_1810.htm <-- Hardhats new /www/htdocs/fileman/pm err_1810.htm
2003.08.12 14:08 B C:\Hardhats\fileman\pm\err_1812.htm <-- Hardhats new /www/htdocs/fileman/pm err_1812.htm
2003.08.12 14:08 B C:\Hardhats\fileman\pm\err_1820.htm <-- Hardhats new /www/htdocs/fileman/pm err_1820.htm
2003.08.12 14:08 B C:\Hardhats\fileman\pm\err_1821.htm <-- Hardhats new /www/htdocs/fileman/pm err_1821.htm
2003.08.12 14:08 B C:\Hardhats\fileman\pm\err_1822.htm <-- Hardhats new /www/htdocs/fileman/pm err_1822.htm
2003.08.12 14:08 B C:\Hardhats\fileman\pm\err_1833.htm <-- Hardhats new /www/htdocs/fileman/pm err_1833.htm
2003.08.12 14:08 B C:\Hardhats\fileman\pm\err_1850.htm <-- Hardhats new /www/htdocs/fileman/pm err_1850.htm
2003.08.12 14:08 B C:\Hardhats\fileman\pm\err_1870.htm <-- Hardhats new /www/htdocs/fileman/pm err_1870.htm
2003.08.12 14:08 B C:\Hardhats\fileman\pm\err_200.htm <-- Hardhats new /www/htdocs/fileman/pm err_200.htm
2003.08.12 14:08 B C:\Hardhats\fileman\pm\err_201.htm <-- Hardhats new /www/htdocs/fileman/pm err_201.htm
2003.08.12 14:08 B C:\Hardhats\fileman\pm\err_202.htm <-- Hardhats new /www/htdocs/fileman/pm err_202.htm
2003.08.12 14:08 B C:\Hardhats\fileman\pm\err_203.htm <-- Hardhats new /www/htdocs/fileman/pm err_203.htm
2003.08.12 14:08 B C:\Hardhats\fileman\pm\err_204.htm <-- Hardhats new /www/htdocs/fileman/pm err_204.htm
2003.08.12 14:08 B C:\Hardhats\fileman\pm\err_205.htm <-- Hardhats new /www/htdocs/fileman/pm err_205.htm
2003.08.12 14:08 B C:\Hardhats\fileman\pm\err_206.htm <-- Hardhats new /www/htdocs/fileman/pm err_206.htm
2003.08.12 14:08 B C:\Hardhats\fileman\pm\err_207.htm <-- Hardhats new /www/htdocs/fileman/pm err_207.htm
2003.08.12 14:08 B C:\Hardhats\fileman\pm\err_299.htm <-- Hardhats new /www/htdocs/fileman/pm err_299.htm
2003.08.12 14:08 B C:\Hardhats\fileman\pm\err_301.htm <-- Hardhats new /www/htdocs/fileman/pm err_301.htm
2003.08.12 14:08 B C:\Hardhats\fileman\pm\err_302.htm <-- Hardhats new /www/htdocs/fileman/pm err_302.htm
2003.08.12 14:08 B C:\Hardhats\fileman\pm\err_3021.htm <-- Hardhats new /www/htdocs/fileman/pm err_3021.htm
2003.08.12 14:08 B C:\Hardhats\fileman\pm\err_3022.htm <-- Hardhats new /www/htdocs/fileman/pm err_3022.htm
2003.08.12 14:08 B C:\Hardhats\fileman\pm\err_3023.htm <-- Hardhats new /www/htdocs/fileman/pm err_3023.htm
2003.08.12 14:08 B C:\Hardhats\fileman\pm\err_304.htm <-- Hardhats new /www/htdocs/fileman/pm err_304.htm
2003.08.12 14:08 B C:\Hardhats\fileman\pm\err_305.htm <-- Hardhats new /www/htdocs/fileman/pm err_305.htm
2003.08.12 14:08 B C:\Hardhats\fileman\pm\err_306.htm <-- Hardhats new /www/htdocs/fileman/pm err_306.htm
2003.08.12 14:08 B C:\Hardhats\fileman\pm\err_307.htm <-- Hardhats new /www/htdocs/fileman/pm err_307.htm
2003.08.12 14:08 B C:\Hardhats\fileman\pm\err_308.htm <-- Hardhats new /www/htdocs/fileman/pm err_308.htm
2003.08.12 14:08 B C:\Hardhats\fileman\pm\err_309.htm <-- Hardhats new /www/htdocs/fileman/pm err_309.htm
2003.08.12 14:08 B C:\Hardhats\fileman\pm\err_310.htm <-- Hardhats new /www/htdocs/fileman/pm err_310.htm
2003.08.12 14:08 B C:\Hardhats\fileman\pm\err_311.htm <-- Hardhats new /www/htdocs/fileman/pm err_311.htm
2003.08.12 14:08 B C:\Hardhats\fileman\pm\err_312.htm <-- Hardhats new /www/htdocs/fileman/pm err_312.htm
2003.08.12 14:08 B C:\Hardhats\fileman\pm\err_330.htm <-- Hardhats new /www/htdocs/fileman/pm err_330.htm
2003.08.12 14:08 B C:\Hardhats\fileman\pm\err_348.htm <-- Hardhats new /www/htdocs/fileman/pm err_348.htm
2003.08.12 14:08 B C:\Hardhats\fileman\pm\err_351.htm <-- Hardhats new /www/htdocs/fileman/pm err_351.htm
2003.08.12 14:08 B C:\Hardhats\fileman\pm\err_352.htm <-- Hardhats new /www/htdocs/fileman/pm err_352.htm
2003.08.12 14:08 B C:\Hardhats\fileman\pm\err_401.htm <-- Hardhats new /www/htdocs/fileman/pm err_401.htm
2003.08.12 14:08 B C:\Hardhats\fileman\pm\err_402.htm <-- Hardhats new /www/htdocs/fileman/pm err_402.htm
2003.08.12 14:08 B C:\Hardhats\fileman\pm\err_403.htm <-- Hardhats new /www/htdocs/fileman/pm err_403.htm
2003.08.12 14:08 B C:\Hardhats\fileman\pm\err_404.htm <-- Hardhats new /www/htdocs/fileman/pm err_404.htm
2003.08.12 14:08 B C:\Hardhats\fileman\pm\err_405.htm <-- Hardhats new /www/htdocs/fileman/pm err_405.htm
2003.08.12 14:08 B C:\Hardhats\fileman\pm\err_406.htm <-- Hardhats new /www/htdocs/fileman/pm err_406.htm
2003.08.12 14:08 B C:\Hardhats\fileman\pm\err_407.htm <-- Hardhats new /www/htdocs/fileman/pm err_407.htm
2003.08.12 14:08 B C:\Hardhats\fileman\pm\err_408.htm <-- Hardhats new /www/htdocs/fileman/pm err_408.htm
2003.08.12 14:08 B C:\Hardhats\fileman\pm\err_409.htm <-- Hardhats new /www/htdocs/fileman/pm err_409.htm
2003.08.12 14:08 B C:\Hardhats\fileman\pm\err_420.htm <-- Hardhats new /www/htdocs/fileman/pm err_420.htm
2003.08.12 14:08 B C:\Hardhats\fileman\pm\err_501.htm <-- Hardhats new /www/htdocs/fileman/pm err_501.htm
2003.08.12 14:08 B C:\Hardhats\fileman\pm\err_502.htm <-- Hardhats new /www/htdocs/fileman/pm err_502.htm
2003.08.12 14:08 B C:\Hardhats\fileman\pm\err_505.htm <-- Hardhats new /www/htdocs/fileman/pm err_505.htm
2003.08.12 14:08 B C:\Hardhats\fileman\pm\err_510.htm <-- Hardhats new /www/htdocs/fileman/pm err_510.htm
2003.08.12 14:08 B C:\Hardhats\fileman\pm\err_520.htm <-- Hardhats new /www/htdocs/fileman/pm err_520.htm
2003.08.12 14:08 B C:\Hardhats\fileman\pm\err_525.htm <-- Hardhats new /www/htdocs/fileman/pm err_525.htm
2003.08.12 14:08 B C:\Hardhats\fileman\pm\err_537.htm <-- Hardhats new /www/htdocs/fileman/pm err_537.htm
2003.08.12 14:08 B C:\Hardhats\fileman\pm\err_601.htm <-- Hardhats new /www/htdocs/fileman/pm err_601.htm
2003.08.12 14:08 B C:\Hardhats\fileman\pm\err_602.htm <-- Hardhats new /www/htdocs/fileman/pm err_602.htm
2003.08.12 14:08 B C:\Hardhats\fileman\pm\err_603.htm <-- Hardhats new /www/htdocs/fileman/pm err_603.htm
2003.08.12 14:08 B C:\Hardhats\fileman\pm\err_630.htm <-- Hardhats new /www/htdocs/fileman/pm err_630.htm
2003.08.12 14:08 B C:\Hardhats\fileman\pm\err_648.htm <-- Hardhats new /www/htdocs/fileman/pm err_648.htm
2003.08.12 14:08 B C:\Hardhats\fileman\pm\err_701.htm <-- Hardhats new /www/htdocs/fileman/pm err_701.htm
2003.08.12 14:08 B C:\Hardhats\fileman\pm\err_703.htm <-- Hardhats new /www/htdocs/fileman/pm err_703.htm
2003.08.12 14:08 B C:\Hardhats\fileman\pm\err_710.htm <-- Hardhats new /www/htdocs/fileman/pm err_710.htm
2003.08.12 14:08 B C:\Hardhats\fileman\pm\err_712.htm <-- Hardhats new /www/htdocs/fileman/pm err_712.htm
2003.08.12 14:08 B C:\Hardhats\fileman\pm\err_714.htm <-- Hardhats new /www/htdocs/fileman/pm err_714.htm
2003.08.12 14:08 B C:\Hardhats\fileman\pm\err_716.htm <-- Hardhats new /www/htdocs/fileman/pm err_716.htm
2003.08.12 14:08 B C:\Hardhats\fileman\pm\err_720.htm <-- Hardhats new /www/htdocs/fileman/pm err_720.htm
2003.08.12 14:08 B C:\Hardhats\fileman\pm\err_726.htm <-- Hardhats new /www/htdocs/fileman/pm err_726.htm
2003.08.12 14:08 B C:\Hardhats\fileman\pm\err_730.htm <-- Hardhats new /www/htdocs/fileman/pm err_730.htm
2003.08.12 14:08 B C:\Hardhats\fileman\pm\err_740.htm <-- Hardhats new /www/htdocs/fileman/pm err_740.htm
2003.08.12 14:08 B C:\Hardhats\fileman\pm\err_742.htm <-- Hardhats new /www/htdocs/fileman/pm err_742.htm
2003.08.12 14:08 B C:\Hardhats\fileman\pm\err_744.htm <-- Hardhats new /www/htdocs/fileman/pm err_744.htm
2003.08.12 14:09 B C:\Hardhats\fileman\pm\err_746.htm <-- Hardhats new /www/htdocs/fileman/pm err_746.htm
2003.08.12 14:09 B C:\Hardhats\fileman\pm\err_8090.htm <-- Hardhats new /www/htdocs/fileman/pm err_8090.htm
2003.08.12 14:09 B C:\Hardhats\fileman\pm\err_8095.htm <-- Hardhats new /www/htdocs/fileman/pm err_8095.htm
2003.08.12 14:09 B C:\Hardhats\fileman\pm\err_810.htm <-- Hardhats new /www/htdocs/fileman/pm err_810.htm
2003.08.12 14:09 B C:\Hardhats\fileman\pm\err_820.htm <-- Hardhats new /www/htdocs/fileman/pm err_820.htm
2003.08.12 14:09 B C:\Hardhats\fileman\pm\err_840.htm <-- Hardhats new /www/htdocs/fileman/pm err_840.htm
2003.08.12 14:09 B C:\Hardhats\fileman\pm\err_842.htm <-- Hardhats new /www/htdocs/fileman/pm err_842.htm
2003.08.12 14:09 B C:\Hardhats\fileman\pm\err_845.htm <-- Hardhats new /www/htdocs/fileman/pm err_845.htm
2003.08.12 14:09 B C:\Hardhats\fileman\pm\err_frm.htm <-- Hardhats new /www/htdocs/fileman/pm err_frm.htm
2003.08.12 14:09 B C:\Hardhats\fileman\pm\err_frm1.htm <-- Hardhats new /www/htdocs/fileman/pm err_frm1.htm
2003.08.12 14:09 B C:\Hardhats\fileman\pm\err_intro.htm <-- Hardhats new /www/htdocs/fileman/pm err_intro.htm
2003.08.12 14:09 B C:\Hardhats\fileman\pm\ex_frm.htm <-- Hardhats new /www/htdocs/fileman/pm ex_frm.htm
2003.08.12 14:09 B C:\Hardhats\fileman\pm\ex_frm1.htm <-- Hardhats new /www/htdocs/fileman/pm ex_frm1.htm
2003.08.12 14:09 B C:\Hardhats\fileman\pm\ex_intro.htm <-- Hardhats new /www/htdocs/fileman/pm ex_intro.htm
2003.08.12 14:09 B C:\Hardhats\fileman\pm\fe_add.htm <-- Hardhats new /www/htdocs/fileman/pm fe_add.htm
2003.08.12 14:09 B C:\Hardhats\fileman\pm\fe_add1.gif <-- Hardhats new /www/htdocs/fileman/pm fe_add1.gif
2003.08.12 14:09 B C:\Hardhats\fileman\pm\fe_add2.gif <-- Hardhats new /www/htdocs/fileman/pm fe_add2.gif
2003.08.12 14:09 B C:\Hardhats\fileman\pm\fe_add3.gif <-- Hardhats new /www/htdocs/fileman/pm fe_add3.gif
2003.08.12 14:09 B C:\Hardhats\fileman\pm\fe_bview.gif <-- Hardhats new /www/htdocs/fileman/pm fe_bview.gif
2003.08.12 14:09 B C:\Hardhats\fileman\pm\fe_bview.htm <-- Hardhats new /www/htdocs/fileman/pm fe_bview.htm
2003.08.12 14:09 B C:\Hardhats\fileman\pm\fe_del.htm <-- Hardhats new /www/htdocs/fileman/pm fe_del.htm
2003.08.12 14:09 B C:\Hardhats\fileman\pm\fe_edb.gif <-- Hardhats new /www/htdocs/fileman/pm fe_edb.gif
2003.08.12 14:09 B C:\Hardhats\fileman\pm\fe_edb.htm <-- Hardhats new /www/htdocs/fileman/pm fe_edb.htm
2003.08.12 14:09 B C:\Hardhats\fileman\pm\fe_edfl2.gif <-- Hardhats new /www/htdocs/fileman/pm fe_edfl2.gif
2003.08.12 14:09 B C:\Hardhats\fileman\pm\fe_edfld.gif <-- Hardhats new /www/htdocs/fileman/pm fe_edfld.gif
2003.08.12 14:09 B C:\Hardhats\fileman\pm\fe_edfld.htm <-- Hardhats new /www/htdocs/fileman/pm fe_edfld.htm
2003.08.12 14:09 B C:\Hardhats\fileman\pm\fe_edfrm.gif <-- Hardhats new /www/htdocs/fileman/pm fe_edfrm.gif
2003.08.12 14:09 B C:\Hardhats\fileman\pm\fe_edfrm.htm <-- Hardhats new /www/htdocs/fileman/pm fe_edfrm.htm
2003.08.12 14:09 B C:\Hardhats\fileman\pm\fe_edp.htm <-- Hardhats new /www/htdocs/fileman/pm fe_edp.htm
2003.08.12 14:09 B C:\Hardhats\fileman\pm\fe_edp1.gif <-- Hardhats new /www/htdocs/fileman/pm fe_edp1.gif
2003.08.12 14:09 B C:\Hardhats\fileman\pm\fe_edp2.gif <-- Hardhats new /www/htdocs/fileman/pm fe_edp2.gif
2003.08.12 14:09 B C:\Hardhats\fileman\pm\fe_edp3.gif <-- Hardhats new /www/htdocs/fileman/pm fe_edp3.gif
2003.08.12 14:09 B C:\Hardhats\fileman\pm\fe_frm.htm <-- Hardhats new /www/htdocs/fileman/pm fe_frm.htm
2003.08.12 14:09 B C:\Hardhats\fileman\pm\fe_frm1.htm <-- Hardhats new /www/htdocs/fileman/pm fe_frm1.htm
2003.08.12 14:09 B C:\Hardhats\fileman\pm\fe_intro.htm <-- Hardhats new /www/htdocs/fileman/pm fe_intro.htm
2003.08.12 14:09 B C:\Hardhats\fileman\pm\fe_invok.htm <-- Hardhats new /www/htdocs/fileman/pm fe_invok.htm
2003.08.12 14:09 B C:\Hardhats\fileman\pm\fe_main.gif <-- Hardhats new /www/htdocs/fileman/pm fe_main.gif
2003.08.12 14:09 B C:\Hardhats\fileman\pm\fe_main.htm <-- Hardhats new /www/htdocs/fileman/pm fe_main.htm
2003.08.12 14:09 B C:\Hardhats\fileman\pm\fe_nav.htm <-- Hardhats new /www/htdocs/fileman/pm fe_nav.htm
2003.08.12 14:09 B C:\Hardhats\fileman\pm\fe_new.htm <-- Hardhats new /www/htdocs/fileman/pm fe_new.htm
2003.08.12 14:09 B C:\Hardhats\fileman\pm\fe_page.htm <-- Hardhats new /www/htdocs/fileman/pm fe_page.htm
2003.08.12 14:09 B C:\Hardhats\fileman\pm\fe_sel.htm <-- Hardhats new /www/htdocs/fileman/pm fe_sel.htm
2003.08.12 14:09 B C:\Hardhats\fileman\pm\fe_summ.htm <-- Hardhats new /www/htdocs/fileman/pm fe_summ.htm
2003.08.12 14:09 B C:\Hardhats\fileman\pm\fg_frm.htm <-- Hardhats new /www/htdocs/fileman/pm fg_frm.htm
2003.08.12 14:09 B C:\Hardhats\fileman\pm\fg_frm1.htm <-- Hardhats new /www/htdocs/fileman/pm fg_frm1.htm
2003.08.12 14:09 B C:\Hardhats\fileman\pm\fg_intro.htm <-- Hardhats new /www/htdocs/fileman/pm fg_intro.htm
2003.08.12 14:09 B C:\Hardhats\fileman\pm\fm.css <-- Hardhats new /www/htdocs/fileman/pm fm.css
2003.08.12 14:09 B C:\Hardhats\fileman\pm\fm_ns.css <-- Hardhats new /www/htdocs/fileman/pm fm_ns.css
2003.08.12 14:09 B C:\Hardhats\fileman\pm\fm_title.css <-- Hardhats new /www/htdocs/fileman/pm fm_title.css
2003.08.12 14:09 B C:\Hardhats\fileman\pm\fm_titns.css <-- Hardhats new /www/htdocs/fileman/pm fm_titns.css
2003.08.12 14:09 B C:\Hardhats\fileman\pm\fm_toc.css <-- Hardhats new /www/htdocs/fileman/pm fm_toc.css
2003.08.12 14:09 B C:\Hardhats\fileman\pm\fm_tocns.css <-- Hardhats new /www/htdocs/fileman/pm fm_tocns.css
2003.08.12 14:09 B C:\Hardhats\fileman\pm\fmdoc.css <-- Hardhats new /www/htdocs/fileman/pm fmdoc.css
2003.08.12 14:09 B C:\Hardhats\fileman\pm\fr_feedb.htm <-- Hardhats new /www/htdocs/fileman/pm fr_feedb.htm
2003.08.12 14:09 B C:\Hardhats\fileman\pm\fr_intr.htm <-- Hardhats new /www/htdocs/fileman/pm fr_intr.htm
2003.08.12 14:09 B C:\Hardhats\fileman\pm\fr_or.htm <-- Hardhats new /www/htdocs/fileman/pm fr_or.htm
2003.08.12 14:09 B C:\Hardhats\fileman\pm\fr_or0.htm <-- Hardhats new /www/htdocs/fileman/pm fr_or0.htm
2003.08.12 14:09 B C:\Hardhats\fileman\pm\fr_or0a.htm <-- Hardhats new /www/htdocs/fileman/pm fr_or0a.htm
2003.08.12 14:09 B C:\Hardhats\fileman\pm\fr_or1.htm <-- Hardhats new /www/htdocs/fileman/pm fr_or1.htm
2003.08.12 14:09 B C:\Hardhats\fileman\pm\fr_pref2.htm <-- Hardhats new /www/htdocs/fileman/pm fr_pref2.htm
2003.08.12 14:13 B C:\Hardhats\fileman\pm\fr_updat.htm <-- Hardhats new /www/htdocs/fileman/pm fr_updat.htm
2003.08.12 14:16 B C:\Hardhats\fileman\pm\fr_pref2.htm <-- Hardhats new /www/htdocs/fileman/pm fr_pref2.htm
2003.08.12 14:16 B C:\Hardhats\fileman\pm\fr_updat.htm <-- Hardhats new /www/htdocs/fileman/pm fr_updat.htm
2003.08.12 14:16 B C:\Hardhats\fileman\pm\fr_updta.htm <-- Hardhats new /www/htdocs/fileman/pm fr_updta.htm
2003.08.12 14:16 B C:\Hardhats\fileman\pm\fr_zip.htm <-- Hardhats new /www/htdocs/fileman/pm fr_zip.htm
2003.08.12 14:16 B C:\Hardhats\fileman\pm\ft_ddbr1.htm <-- Hardhats new /www/htdocs/fileman/pm ft_ddbr1.htm
2003.08.12 14:16 B C:\Hardhats\fileman\pm\ft_ddbr2.htm <-- Hardhats new /www/htdocs/fileman/pm ft_ddbr2.htm
2003.08.12 14:16 B C:\Hardhats\fileman\pm\ft_ddbr3.htm <-- Hardhats new /www/htdocs/fileman/pm ft_ddbr3.htm
2003.08.12 14:16 B C:\Hardhats\fileman\pm\ft_ddbr4.htm <-- Hardhats new /www/htdocs/fileman/pm ft_ddbr4.htm
2003.08.12 14:16 B C:\Hardhats\fileman\pm\ft_ddbr5.htm <-- Hardhats new /www/htdocs/fileman/pm ft_ddbr5.htm
2003.08.12 14:16 B C:\Hardhats\fileman\pm\ft_ddbr6.htm <-- Hardhats new /www/htdocs/fileman/pm ft_ddbr6.htm
2003.08.12 14:16 B C:\Hardhats\fileman\pm\ft_ddbr7.htm <-- Hardhats new /www/htdocs/fileman/pm ft_ddbr7.htm
2003.08.12 14:16 B C:\Hardhats\fileman\pm\ft_ddbr8.htm <-- Hardhats new /www/htdocs/fileman/pm ft_ddbr8.htm
2003.08.12 14:16 B C:\Hardhats\fileman\pm\ft_ddmpf.htm <-- Hardhats new /www/htdocs/fileman/pm ft_ddmpf.htm
2003.08.12 14:16 B C:\Hardhats\fileman\pm\ft_ddxp.htm <-- Hardhats new /www/htdocs/fileman/pm ft_ddxp.htm
2003.08.12 14:16 B C:\Hardhats\fileman\pm\ft_diax2.htm <-- Hardhats new /www/htdocs/fileman/pm ft_diax2.htm
2003.08.12 14:16 B C:\Hardhats\fileman\pm\ft_diaxu.htm <-- Hardhats new /www/htdocs/fileman/pm ft_diaxu.htm
2003.08.12 14:16 B C:\Hardhats\fileman\pm\ft_difg1.htm <-- Hardhats new /www/htdocs/fileman/pm ft_difg1.htm
2003.08.12 14:16 B C:\Hardhats\fileman\pm\ft_difg2.htm <-- Hardhats new /www/htdocs/fileman/pm ft_difg2.htm
2003.08.12 14:16 B C:\Hardhats\fileman\pm\gfs_1.htm <-- Hardhats new /www/htdocs/fileman/pm gfs_1.htm
2003.08.12 14:16 B C:\Hardhats\fileman\pm\gfs_2a.htm <-- Hardhats new /www/htdocs/fileman/pm gfs_2a.htm
2003.08.12 14:16 B C:\Hardhats\fileman\pm\gfs_2b.htm <-- Hardhats new /www/htdocs/fileman/pm gfs_2b.htm
2003.08.12 14:16 B C:\Hardhats\fileman\pm\gfs_3.htm <-- Hardhats new /www/htdocs/fileman/pm gfs_3.htm
2003.08.12 14:25 B C:\Hardhats\fileman\pm\gfs_3c.htm <-- Hardhats new /www/htdocs/fileman/pm gfs_3c.htm
2003.08.12 14:25 B C:\Hardhats\fileman\pm\gfs_3d.htm <-- Hardhats new /www/htdocs/fileman/pm gfs_3d.htm
2003.08.12 14:25 B C:\Hardhats\fileman\pm\gfs_3e.htm <-- Hardhats new /www/htdocs/fileman/pm gfs_3e.htm
2003.08.12 14:25 B C:\Hardhats\fileman\pm\gfs_3f.htm <-- Hardhats new /www/htdocs/fileman/pm gfs_3f.htm
2003.08.12 14:25 B C:\Hardhats\fileman\pm\gfs_4.htm <-- Hardhats new /www/htdocs/fileman/pm gfs_4.htm
2003.08.12 14:25 B C:\Hardhats\fileman\pm\gfs_5.htm <-- Hardhats new /www/htdocs/fileman/pm gfs_5.htm
2003.08.12 14:25 B C:\Hardhats\fileman\pm\gfs_frm.htm <-- Hardhats new /www/htdocs/fileman/pm gfs_frm.htm
2003.08.12 14:25 B C:\Hardhats\fileman\pm\gfs_frm1.htm <-- Hardhats new /www/htdocs/fileman/pm gfs_frm1.htm
2003.08.12 14:25 B C:\Hardhats\fileman\pm\gfs_intro.htm <-- Hardhats new /www/htdocs/fileman/pm gfs_intro.htm
2003.08.12 14:25 B C:\Hardhats\fileman\pm\glossary.htm <-- Hardhats new /www/htdocs/fileman/pm glossary.htm
2003.08.12 14:25 B C:\Hardhats\fileman\pm\im_frm.htm <-- Hardhats new /www/htdocs/fileman/pm im_frm.htm
2003.08.12 14:25 B C:\Hardhats\fileman\pm\im_frm1.htm <-- Hardhats new /www/htdocs/fileman/pm im_frm1.htm
2003.08.12 14:25 B C:\Hardhats\fileman\pm\im_intro.htm <-- Hardhats new /www/htdocs/fileman/pm im_intro.htm
2003.08.12 14:25 B C:\Hardhats\fileman\pm\index.htm <-- Hardhats new /www/htdocs/fileman/pm index.htm
2003.08.12 14:25 B C:\Hardhats\fileman\pm\index.html <-- Hardhats new /www/htdocs/fileman/pm index.html
2003.08.12 14:25 B C:\Hardhats\fileman\pm\mulloc.jpg <-- Hardhats new /www/htdocs/fileman/pm mulloc.jpg
2003.08.12 14:25 B C:\Hardhats\fileman\pm\new.gif <-- Hardhats new /www/htdocs/fileman/pm new.gif
2003.08.12 14:25 B C:\Hardhats\fileman\pm\pm_inde2.htm <-- Hardhats new /www/htdocs/fileman/pm pm_inde2.htm
2003.08.12 14:25 B C:\Hardhats\fileman\pm\programmer.css <-- Hardhats new /www/htdocs/fileman/pm programmer.css
2003.08.12 14:25 B C:\Hardhats\fileman\pm\pu_ce.htm <-- Hardhats new /www/htdocs/fileman/pm pu_ce.htm
2003.08.12 14:25 B C:\Hardhats\fileman\pm\pu_di.htm <-- Hardhats new /www/htdocs/fileman/pm pu_di.htm
2003.08.12 14:25 B C:\Hardhats\fileman\pm\pu_dif4a.htm <-- Hardhats new /www/htdocs/fileman/pm pu_dif4a.htm
2003.08.12 14:25 B C:\Hardhats\fileman\pm\pu_dif4b.htm <-- Hardhats new /www/htdocs/fileman/pm pu_dif4b.htm
2003.08.12 14:25 B C:\Hardhats\fileman\pm\pu_dif4c.htm <-- Hardhats new /www/htdocs/fileman/pm pu_dif4c.htm
2003.08.12 14:25 B C:\Hardhats\fileman\pm\pu_dif4d.htm <-- Hardhats new /www/htdocs/fileman/pm pu_dif4d.htm
2003.08.12 14:25 B C:\Hardhats\fileman\pm\pu_dif4e.htm <-- Hardhats new /www/htdocs/fileman/pm pu_dif4e.htm
2003.08.12 14:25 B C:\Hardhats\fileman\pm\pu_dif4f.htm <-- Hardhats new /www/htdocs/fileman/pm pu_dif4f.htm
2003.08.12 14:25 B C:\Hardhats\fileman\pm\pu_dif4g.htm <-- Hardhats new /www/htdocs/fileman/pm pu_dif4g.htm
2003.08.12 14:25 B C:\Hardhats\fileman\pm\pu_dif4h.htm <-- Hardhats new /www/htdocs/fileman/pm pu_dif4h.htm
2003.08.12 14:25 B C:\Hardhats\fileman\pm\pu_dif4i.htm <-- Hardhats new /www/htdocs/fileman/pm pu_dif4i.htm
2003.08.12 14:25 B C:\Hardhats\fileman\pm\pu_dif4j.htm <-- Hardhats new /www/htdocs/fileman/pm pu_dif4j.htm
2003.08.12 14:25 B C:\Hardhats\fileman\pm\pu_dif4k.htm <-- Hardhats new /www/htdocs/fileman/pm pu_dif4k.htm
2003.08.12 14:25 B C:\Hardhats\fileman\pm\pu_dif4l.htm <-- Hardhats new /www/htdocs/fileman/pm pu_dif4l.htm
2003.08.12 14:25 B C:\Hardhats\fileman\pm\pu_dif4m.htm <-- Hardhats new /www/htdocs/fileman/pm pu_dif4m.htm
2003.08.12 14:25 B C:\Hardhats\fileman\pm\pu_dif4n.htm <-- Hardhats new /www/htdocs/fileman/pm pu_dif4n.htm
2003.08.12 14:25 B C:\Hardhats\fileman\pm\pu_dif4o.htm <-- Hardhats new /www/htdocs/fileman/pm pu_dif4o.htm
2003.08.12 14:25 B C:\Hardhats\fileman\pm\pu_dif4p.htm <-- Hardhats new /www/htdocs/fileman/pm pu_dif4p.htm
2003.08.12 14:25 B C:\Hardhats\fileman\pm\pu_dif4q.htm <-- Hardhats new /www/htdocs/fileman/pm pu_dif4q.htm
2003.08.12 14:25 B C:\Hardhats\fileman\pm\pu_dif6a.htm <-- Hardhats new /www/htdocs/fileman/pm pu_dif6a.htm
2003.08.12 14:25 B C:\Hardhats\fileman\pm\pu_dif6b.htm <-- Hardhats new /www/htdocs/fileman/pm pu_dif6b.htm
2003.08.12 14:25 B C:\Hardhats\fileman\pm\pu_dif6c.htm <-- Hardhats new /www/htdocs/fileman/pm pu_dif6c.htm
2003.08.12 14:25 B C:\Hardhats\fileman\pm\pu_dif6d.htm <-- Hardhats new /www/htdocs/fileman/pm pu_dif6d.htm
2003.08.12 14:25 B C:\Hardhats\fileman\pm\pu_dif6e.htm <-- Hardhats new /www/htdocs/fileman/pm pu_dif6e.htm
2003.08.12 14:25 B C:\Hardhats\fileman\pm\pu_dif6f.htm <-- Hardhats new /www/htdocs/fileman/pm pu_dif6f.htm
2003.08.12 14:25 B C:\Hardhats\fileman\pm\pu_dif6g.htm <-- Hardhats new /www/htdocs/fileman/pm pu_dif6g.htm
2003.08.12 14:25 B C:\Hardhats\fileman\pm\pu_dif6h.htm <-- Hardhats new /www/htdocs/fileman/pm pu_dif6h.htm
2003.08.12 14:25 B C:\Hardhats\fileman\pm\pu_dif6i.htm <-- Hardhats new /www/htdocs/fileman/pm pu_dif6i.htm
2003.08.12 14:25 B C:\Hardhats\fileman\pm\pu_dif6j.htm <-- Hardhats new /www/htdocs/fileman/pm pu_dif6j.htm
2003.08.12 14:25 B C:\Hardhats\fileman\pm\pu_dif6k.htm <-- Hardhats new /www/htdocs/fileman/pm pu_dif6k.htm
2003.08.12 14:25 B C:\Hardhats\fileman\pm\pu_dif6l.htm <-- Hardhats new /www/htdocs/fileman/pm pu_dif6l.htm
2003.08.12 14:25 B C:\Hardhats\fileman\pm\pu_difr2.htm <-- Hardhats new /www/htdocs/fileman/pm pu_difr2.htm
2003.08.12 14:25 B C:\Hardhats\fileman\pm\pu_difr3.htm <-- Hardhats new /www/htdocs/fileman/pm pu_difr3.htm
2003.08.12 14:25 B C:\Hardhats\fileman\pm\pu_difr4.htm <-- Hardhats new /www/htdocs/fileman/pm pu_difr4.htm
2003.08.12 14:25 B C:\Hardhats\fileman\pm\pu_difr5.htm <-- Hardhats new /www/htdocs/fileman/pm pu_difr5.htm
2003.08.12 14:25 B C:\Hardhats\fileman\pm\pu_difr6.htm <-- Hardhats new /www/htdocs/fileman/pm pu_difr6.htm
2003.08.12 14:25 B C:\Hardhats\fileman\pm\pu_difr7.htm <-- Hardhats new /www/htdocs/fileman/pm pu_difr7.htm
2003.08.12 14:25 B C:\Hardhats\fileman\pm\pu_difr8.htm <-- Hardhats new /www/htdocs/fileman/pm pu_difr8.htm
2003.08.12 14:25 B C:\Hardhats\fileman\pm\pu_difra.htm <-- Hardhats new /www/htdocs/fileman/pm pu_difra.htm
2003.08.12 14:25 B C:\Hardhats\fileman\pm\pu_difrb.htm <-- Hardhats new /www/htdocs/fileman/pm pu_difrb.htm
2003.08.12 14:25 B C:\Hardhats\fileman\pm\readme.txt <-- Hardhats new /www/htdocs/fileman/pm readme.txt
2003.08.12 14:25 B C:\Hardhats\fileman\pm\redball.gif <-- Hardhats new /www/htdocs/fileman/pm redball.gif
2003.08.12 14:25 B C:\Hardhats\fileman\pm\sf_bckpt.htm <-- Hardhats new /www/htdocs/fileman/pm sf_bckpt.htm
2003.08.12 14:25 B C:\Hardhats\fileman\pm\sf_comp.htm <-- Hardhats new /www/htdocs/fileman/pm sf_comp.htm
2003.08.12 14:25 B C:\Hardhats\fileman\pm\sf_ddsbr.htm <-- Hardhats new /www/htdocs/fileman/pm sf_ddsbr.htm
2003.08.12 14:25 B C:\Hardhats\fileman\pm\sf_ddsst.htm <-- Hardhats new /www/htdocs/fileman/pm sf_ddsst.htm
2003.08.12 14:25 B C:\Hardhats\fileman\pm\sf_file.htm <-- Hardhats new /www/htdocs/fileman/pm sf_file.htm
2003.08.12 14:25 B C:\Hardhats\fileman\pm\sf_formo.htm <-- Hardhats new /www/htdocs/fileman/pm sf_formo.htm
2003.08.12 14:25 B C:\Hardhats\fileman\pm\sf_forpt.gif <-- Hardhats new /www/htdocs/fileman/pm sf_forpt.gif
2003.08.12 14:25 B C:\Hardhats\fileman\pm\sf_forpt.htm <-- Hardhats new /www/htdocs/fileman/pm sf_forpt.htm
2003.08.12 14:25 B C:\Hardhats\fileman\pm\sf_frm.htm <-- Hardhats new /www/htdocs/fileman/pm sf_frm.htm
2003.08.12 14:25 B C:\Hardhats\fileman\pm\sf_frm1.htm <-- Hardhats new /www/htdocs/fileman/pm sf_frm1.htm
2003.08.12 14:25 B C:\Hardhats\fileman\pm\sf_intro.htm <-- Hardhats new /www/htdocs/fileman/pm sf_intro.htm
2003.08.12 14:25 B C:\Hardhats\fileman\pm\sf_lay.gif <-- Hardhats new /www/htdocs/fileman/pm sf_lay.gif
2003.08.12 14:25 B C:\Hardhats\fileman\pm\sf_lay.htm <-- Hardhats new /www/htdocs/fileman/pm sf_lay.htm
2003.08.12 14:25 B C:\Hardhats\fileman\pm\sf_opts.htm <-- Hardhats new /www/htdocs/fileman/pm sf_opts.htm
2003.08.12 14:25 B C:\Hardhats\fileman\pm\sf_propb.htm <-- Hardhats new /www/htdocs/fileman/pm sf_propb.htm
2003.08.12 14:25 B C:\Hardhats\fileman\pm\sf_propf.htm <-- Hardhats new /www/htdocs/fileman/pm sf_propf.htm
2003.08.12 14:25 B C:\Hardhats\fileman\pm\sf_propg.htm <-- Hardhats new /www/htdocs/fileman/pm sf_propg.htm
2003.08.12 14:25 B C:\Hardhats\fileman\pm\sf_propp.htm <-- Hardhats new /www/htdocs/fileman/pm sf_propp.htm
2003.08.12 14:25 B C:\Hardhats\fileman\pm\sf_repbl.gif <-- Hardhats new /www/htdocs/fileman/pm sf_repbl.gif
2003.08.12 14:25 B C:\Hardhats\fileman\pm\sf_repbl.htm <-- Hardhats new /www/htdocs/fileman/pm sf_repbl.htm
2003.08.12 14:25 B C:\Hardhats\fileman\pm\sf_rtns.htm <-- Hardhats new /www/htdocs/fileman/pm sf_rtns.htm
2003.08.12 14:25 B C:\Hardhats\fileman\pm\sm_dds.htm <-- Hardhats new /www/htdocs/fileman/pm sm_dds.htm
2003.08.12 14:25 B C:\Hardhats\fileman\pm\sm_frm.htm <-- Hardhats new /www/htdocs/fileman/pm sm_frm.htm
2003.08.12 14:25 B C:\Hardhats\fileman\pm\sm_frm1.htm <-- Hardhats new /www/htdocs/fileman/pm sm_frm1.htm
2003.08.12 14:26 B C:\Hardhats\fileman\pm\sm_intro.htm <-- Hardhats new /www/htdocs/fileman/pm sm_intro.htm
2003.08.12 14:26 B C:\Hardhats\fileman\pm\sm_pclon.htm <-- Hardhats new /www/htdocs/fileman/pm sm_pclon.htm
2003.08.12 14:26 B C:\Hardhats\fileman\pm\sm_pddgf.htm <-- Hardhats new /www/htdocs/fileman/pm sm_pddgf.htm
2003.08.12 14:26 B C:\Hardhats\fileman\pm\sm_pprin.htm <-- Hardhats new /www/htdocs/fileman/pm sm_pprin.htm
2003.08.12 14:26 B C:\Hardhats\fileman\pm\sm_prest.htm <-- Hardhats new /www/htdocs/fileman/pm sm_prest.htm
2003.08.12 14:26 B C:\Hardhats\fileman\pm\sm_uget.htm <-- Hardhats new /www/htdocs/fileman/pm sm_uget.htm
2003.08.12 14:26 B C:\Hardhats\fileman\pm\sm_ugetf.htm <-- Hardhats new /www/htdocs/fileman/pm sm_ugetf.htm
2003.08.12 14:26 B C:\Hardhats\fileman\pm\sm_uhlp.htm <-- Hardhats new /www/htdocs/fileman/pm sm_uhlp.htm
2003.08.12 14:26 B C:\Hardhats\fileman\pm\sm_umsg.htm <-- Hardhats new /www/htdocs/fileman/pm sm_umsg.htm
2003.08.12 14:26 B C:\Hardhats\fileman\pm\sm_uput.htm <-- Hardhats new /www/htdocs/fileman/pm sm_uput.htm
2003.08.12 14:26 B C:\Hardhats\fileman\pm\sm_uputf.htm <-- Hardhats new /www/htdocs/fileman/pm sm_uputf.htm
2003.08.12 14:26 B C:\Hardhats\fileman\pm\sm_uref.htm <-- Hardhats new /www/htdocs/fileman/pm sm_uref.htm
2003.08.12 14:26 B C:\Hardhats\fileman\pm\sm_ureq.htm <-- Hardhats new /www/htdocs/fileman/pm sm_ureq.htm
2003.08.12 14:26 B C:\Hardhats\fileman\pm\sm_uuned.htm <-- Hardhats new /www/htdocs/fileman/pm sm_uuned.htm
2003.08.12 14:26 B C:\Hardhats\fileman\pm\spacer.gif <-- Hardhats new /www/htdocs/fileman/pm spacer.gif
2003.08.12 14:26 B C:\Hardhats\fileman\pm\subloc.jpg <-- Hardhats new /www/htdocs/fileman/pm subloc.jpg
2003.08.12 14:26 B C:\Hardhats\fileman\pm\title.htm <-- Hardhats new /www/htdocs/fileman/pm title.htm
2003.08.12 14:26 B C:\Hardhats\fileman\pm\toc.htm <-- Hardhats new /www/htdocs/fileman/pm toc.htm
2003.08.12 14:26 B C:\Hardhats\fileman\pm\tr_diff.htm <-- Hardhats new /www/htdocs/fileman/pm tr_diff.htm
2003.08.12 14:26 B C:\Hardhats\fileman\pm\tr_frm.htm <-- Hardhats new /www/htdocs/fileman/pm tr_frm.htm
2003.08.12 14:26 B C:\Hardhats\fileman\pm\tr_frm1.htm <-- Hardhats new /www/htdocs/fileman/pm tr_frm1.htm
2003.08.12 14:26 B C:\Hardhats\fileman\pm\tr_intro.htm <-- Hardhats new /www/htdocs/fileman/pm tr_intro.htm
2003.08.12 14:26 B C:\Hardhats\fileman\pm\tr_same.htm <-- Hardhats new /www/htdocs/fileman/pm tr_same.htm
2003.08.12 14:26 B C:\Hardhats\fileman\pm\up.gif <-- Hardhats new /www/htdocs/fileman/pm up.gif
2003.08.12 14:26 B C:\Hardhats\fileman\pm\va_logox.gif <-- Hardhats new /www/htdocs/fileman/pm va_logox.gif
2003.08.12 14:26 B C:\Hardhats\fileman\pm\vaseal.gif <-- Hardhats new /www/htdocs/fileman/pm vaseal.gif
2003.08.12 14:26 B C:\Hardhats\fileman\pm\vista1b.gif <-- Hardhats new /www/htdocs/fileman/pm vista1b.gif
2003.08.12 14:26 B C:\Hardhats\fileman\pm\vista_logo1.jpg <-- Hardhats new /www/htdocs/fileman/pm vista_logo1.jpg
2003.08.12 14:48 B C:\Hardhats\fileman\pm\sf_propb.htm --> ftp.hardhats.org /www/htdocs/fileman/pm sf_propb.htm
2003.08.12 14:48 B C:\Hardhats\fileman\pm\fr_or0a.htm --> ftp.hardhats.org /www/htdocs/fileman/pm fr_or0a.htm
2003.08.12 14:55 B C:\Hardhats\fileman\pm\cla_frm.htm <-- Hardhats new /www/htdocs/fileman/pm cla_frm.htm
2003.08.12 14:55 B C:\Hardhats\fileman\pm\cla_frm1.htm <-- Hardhats new /www/htdocs/fileman/pm cla_frm1.htm
2003.08.12 15:03 B C:\Hardhats\fileman\pm\br_frm1.htm --> ftp.hardhats.org /www/htdocs/fileman/pm br_frm1.htm
2003.08.12 15:03 B C:\Hardhats\fileman\pm\au_frm1.htm --> ftp.hardhats.org /www/htdocs/fileman/pm au_frm1.htm
2003.08.12 15:03 B C:\Hardhats\fileman\pm\au_frm.htm --> ftp.hardhats.org /www/htdocs/fileman/pm au_frm.htm
2003.08.12 15:03 B C:\Hardhats\fileman\pm\afd_frm1.htm --> ftp.hardhats.org /www/htdocs/fileman/pm afd_frm1.htm
2003.08.12 15:03 B C:\Hardhats\fileman\pm\clc_frm1.htm --> ftp.hardhats.org /www/htdocs/fileman/pm clc_frm1.htm
2003.08.12 15:03 B C:\Hardhats\fileman\pm\cla_frm1.htm --> ftp.hardhats.org /www/htdocs/fileman/pm cla_frm1.htm
